  Shape.cpp
D:\New folder\Graphic\Shape.cpp(22,18): warning C4244: 'initializing': conversion from 'float' to 'int', possible loss of data
D:\New folder\Graphic\Shape.cpp(26,21): warning C4267: 'initializing': conversion from 'size_t' to 'int', possible loss of data
D:\New folder\Graphic\Shape.cpp(54,24): warning C4244: 'initializing': conversion from 'const float' to 'int', possible loss of data
D:\New folder\Graphic\Shape.cpp(75,60): warning C4244: 'argument': conversion from 'float' to 'const unsigned __int64', possible loss of data
D:\New folder\Graphic\Shape.cpp(75,76): warning C4244: 'argument': conversion from 'float' to 'const unsigned __int64', possible loss of data
D:\New folder\Graphic\Shape.cpp(79,52): warning C4244: 'argument': conversion from 'float' to 'const unsigned __int64', possible loss of data
D:\New folder\Graphic\Shape.cpp(79,68): warning C4244: 'argument': conversion from 'float' to 'const unsigned __int64', possible loss of data
D:\New folder\Graphic\Shape.cpp(81,52): warning C4244: 'argument': conversion from 'float' to 'const unsigned __int64', possible loss of data
D:\New folder\Graphic\Shape.cpp(81,68): warning C4244: 'argument': conversion from 'float' to 'const unsigned __int64', possible loss of data
D:\New folder\Graphic\Shape.cpp(90,24): warning C4244: 'initializing': conversion from 'float' to 'int', possible loss of data
D:\New folder\Graphic\Shape.cpp(106,56): warning C4244: 'argument': conversion from 'float' to 'const unsigned __int64', possible loss of data
D:\New folder\Graphic\Shape.cpp(106,72): warning C4244: 'argument': conversion from 'float' to 'const unsigned __int64', possible loss of data
D:\New folder\Graphic\Shape.cpp(108,48): warning C4244: 'argument': conversion from 'float' to 'const unsigned __int64', possible loss of data
D:\New folder\Graphic\Shape.cpp(108,64): warning C4244: 'argument': conversion from 'float' to 'const unsigned __int64', possible loss of data
D:\New folder\Graphic\Shape.cpp(109,48): warning C4244: 'argument': conversion from 'float' to 'const unsigned __int64', possible loss of data
D:\New folder\Graphic\Shape.cpp(109,64): warning C4244: 'argument': conversion from 'float' to 'const unsigned __int64', possible loss of data
  Graphic.vcxproj -> D:\New folder\Graphic\x64\Debug\Graphic.exe
  'pwsh.exe' is not recognized as an internal or external command,
  operable program or batch file.
